[0m16:01:23.810708 [debug] [MainThread]: Sending event: {'category': 'dbt', 'action': 'invocation', 'label': 'start', 'context': [<snowplow_tracker.self_describing_json.SelfDescribingJson object at 0x000001E89EF51D00>, <snowplow_tracker.self_describing_json.SelfDescribingJson object at 0x000001E89F308100>, <snowplow_tracker.self_describing_json.SelfDescribingJson object at 0x000001E89F9AA3A0>]}


============================== 16:01:23.815947 | eaa09cf3-1e76-4d3a-a993-171167218d50 ==============================
[0m16:01:23.815947 [info ] [MainThread]: Running with dbt=1.10.6
[0m16:01:23.815947 [debug] [MainThread]: running dbt with arguments {'printer_width': '80', 'indirect_selection': 'eager', 'write_json': 'True', 'log_cache_events': 'False', 'partial_parse': 'True', 'cache_selected_only': 'False', 'warn_error': 'None', 'version_check': 'True', 'debug': 'False', 'log_path': 'logs', 'fail_fast': 'False', 'profiles_dir': 'C:\\Users\\jiawe\\.dbt', 'use_colors': 'True', 'use_experimental_parser': 'False', 'no_print': 'None', 'quiet': 'False', 'empty': 'None', 'log_format': 'default', 'introspect': 'True', 'warn_error_options': 'WarnErrorOptionsV2(error=[], warn=[], silence=[])', 'invocation_command': 'dbt init dbt_crash_course', 'target_path': 'None', 'static_parser': 'True', 'send_anonymous_usage_stats': 'True'}
[0m16:01:23.849494 [info ] [MainThread]: Creating dbt configuration folder at C:\Users\jiawe\.dbt
[0m16:01:23.853168 [debug] [MainThread]: Starter project path: C:\Users\jiawe\OneDrive\Desktop\dbt-crash-course\.venv\lib\site-packages\dbt\include\starter_project
[0m16:01:23.874362 [info ] [MainThread]: 
Your new dbt project "dbt_crash_course" was created!

For more information on how to configure the profiles.yml file,
please consult the dbt documentation here:

  https://docs.getdbt.com/docs/configure-your-profile

One more thing:

Need help? Don't hesitate to reach out to us via GitHub issues or on Slack:

  https://community.getdbt.com/

Happy modeling!

[0m16:01:23.875362 [info ] [MainThread]: Setting up your profile.
[0m16:05:26.482227 [info ] [MainThread]: Profile dbt_crash_course written to C:\Users\jiawe\.dbt\profiles.yml using target's profile_template.yml and your supplied values. Run 'dbt debug' to validate the connection.
[0m16:05:26.485207 [debug] [MainThread]: Command `dbt init` succeeded at 16:05:26.484209 after 242.76 seconds
[0m16:05:26.485207 [debug] [MainThread]: Sending event: {'category': 'dbt', 'action': 'invocation', 'label': 'end', 'context': [<snowplow_tracker.self_describing_json.SelfDescribingJson object at 0x000001E89EF51D00>, <snowplow_tracker.self_describing_json.SelfDescribingJson object at 0x000001E8A01DC610>, <snowplow_tracker.self_describing_json.SelfDescribingJson object at 0x000001E8A01DC880>]}
[0m16:05:26.485207 [debug] [MainThread]: Flushing usage events
[0m16:05:26.981955 [debug] [MainThread]: An error was encountered while trying to flush usage events
[0m16:05:37.475618 [debug] [MainThread]: Sending event: {'category': 'dbt', 'action': 'invocation', 'label': 'start', 'context': [<snowplow_tracker.self_describing_json.SelfDescribingJson object at 0x000001BD5A071CD0>, <snowplow_tracker.self_describing_json.SelfDescribingJson object at 0x000001BD5C2F0C70>, <snowplow_tracker.self_describing_json.SelfDescribingJson object at 0x000001BD5C2F0A90>]}


============================== 16:05:37.480291 | 3dce13ee-4258-491b-b5a9-06c1fa60d01d ==============================
[0m16:05:37.480291 [info ] [MainThread]: Running with dbt=1.10.6
[0m16:05:37.481272 [debug] [MainThread]: running dbt with arguments {'printer_width': '80', 'indirect_selection': 'eager', 'write_json': 'True', 'log_cache_events': 'False', 'partial_parse': 'True', 'cache_selected_only': 'False', 'profiles_dir': 'C:\\Users\\jiawe\\.dbt', 'debug': 'False', 'version_check': 'True', 'log_path': 'logs', 'fail_fast': 'False', 'warn_error': 'None', 'use_colors': 'True', 'use_experimental_parser': 'False', 'no_print': 'None', 'quiet': 'False', 'empty': 'None', 'warn_error_options': 'WarnErrorOptionsV2(error=[], warn=[], silence=[])', 'introspect': 'True', 'static_parser': 'True', 'invocation_command': 'dbt debug', 'target_path': 'None', 'log_format': 'default', 'send_anonymous_usage_stats': 'True'}
[0m16:05:37.507270 [info ] [MainThread]: dbt version: 1.10.6
[0m16:05:37.508406 [info ] [MainThread]: python version: 3.9.5
[0m16:05:37.509445 [info ] [MainThread]: python path: C:\Users\jiawe\OneDrive\Desktop\dbt-crash-course\.venv\Scripts\python.exe
[0m16:05:37.509445 [info ] [MainThread]: os info: Windows-10-10.0.26100-SP0
[0m16:05:40.983937 [info ] [MainThread]: Using profiles dir at C:\Users\jiawe\.dbt
[0m16:05:40.984846 [info ] [MainThread]: Using profiles.yml file at C:\Users\jiawe\.dbt\profiles.yml
[0m16:05:40.985851 [info ] [MainThread]: Using dbt_project.yml file at C:\Users\jiawe\OneDrive\Desktop\dbt-crash-course\dbt_project.yml
[0m16:05:40.986848 [info ] [MainThread]: adapter type: bigquery
[0m16:05:40.987420 [info ] [MainThread]: adapter version: 1.10.1
[0m16:05:40.987420 [info ] [MainThread]: Configuration:
[0m16:05:40.988682 [info ] [MainThread]:   profiles.yml file [[32mOK found and valid[0m]
[0m16:05:40.988682 [info ] [MainThread]:   dbt_project.yml file [[31mERROR not found[0m]
[0m16:05:40.989729 [info ] [MainThread]: Required dependencies:
[0m16:05:40.989729 [debug] [MainThread]: Executing "git --help"
[0m16:05:41.046040 [debug] [MainThread]: STDOUT: "b"usage: git [--version] [--help] [-C <path>] [-c <name>=<value>]\n           [--exec-path[=<path>]] [--html-path] [--man-path] [--info-path]\n           [-p | --paginate | -P | --no-pager] [--no-replace-objects] [--bare]\n           [--git-dir=<path>] [--work-tree=<path>] [--namespace=<name>]\n           [--super-prefix=<path>] [--config-env=<name>=<envvar>]\n           <command> [<args>]\n\nThese are common Git commands used in various situations:\n\nstart a working area (see also: git help tutorial)\n   clone             Clone a repository into a new directory\n   init              Create an empty Git repository or reinitialize an existing one\n\nwork on the current change (see also: git help everyday)\n   add               Add file contents to the index\n   mv                Move or rename a file, a directory, or a symlink\n   restore           Restore working tree files\n   rm                Remove files from the working tree and from the index\n   sparse-checkout   Initialize and modify the sparse-checkout\n\nexamine the history and state (see also: git help revisions)\n   bisect            Use binary search to find the commit that introduced a bug\n   diff              Show changes between commits, commit and working tree, etc\n   grep              Print lines matching a pattern\n   log               Show commit logs\n   show              Show various types of objects\n   status            Show the working tree status\n\ngrow, mark and tweak your common history\n   branch            List, create, or delete branches\n   commit            Record changes to the repository\n   merge             Join two or more development histories together\n   rebase            Reapply commits on top of another base tip\n   reset             Reset current HEAD to the specified state\n   switch            Switch branches\n   tag               Create, list, delete or verify a tag object signed with GPG\n\ncollaborate (see also: git help workflows)\n   fetch             Download objects and refs from another repository\n   pull              Fetch from and integrate with another repository or a local branch\n   push              Update remote refs along with associated objects\n\n'git help -a' and 'git help -g' list available subcommands and some\nconcept guides. See 'git help <command>' or 'git help <concept>'\nto read about a specific subcommand or concept.\nSee 'git help git' for an overview of the system.\n""
[0m16:05:41.046040 [debug] [MainThread]: STDERR: "b''"
[0m16:05:41.047040 [info ] [MainThread]:  - git [[32mOK found[0m]

[0m16:05:41.047551 [info ] [MainThread]: Connection:
[0m16:05:41.047551 [info ] [MainThread]:   method: service-account
[0m16:05:41.048659 [info ] [MainThread]:   database: dbt-crash-course-10101
[0m16:05:41.048659 [info ] [MainThread]:   execution_project: dbt-crash-course-10101
[0m16:05:41.049584 [info ] [MainThread]:   schema: dbt-crash-course
[0m16:05:41.049993 [info ] [MainThread]:   location: EU
[0m16:05:41.049993 [info ] [MainThread]:   priority: interactive
[0m16:05:41.050999 [info ] [MainThread]:   maximum_bytes_billed: None
[0m16:05:41.050999 [info ] [MainThread]:   impersonate_service_account: None
[0m16:05:41.051998 [info ] [MainThread]:   job_retry_deadline_seconds: None
[0m16:05:41.051998 [info ] [MainThread]:   job_retries: 1
[0m16:05:41.053003 [info ] [MainThread]:   job_creation_timeout_seconds: None
[0m16:05:41.053003 [info ] [MainThread]:   job_execution_timeout_seconds: 300
[0m16:05:41.053003 [info ] [MainThread]:   timeout_seconds: 300
[0m16:05:41.054477 [info ] [MainThread]:   client_id: None
[0m16:05:41.054477 [info ] [MainThread]:   token_uri: None
[0m16:05:41.055522 [info ] [MainThread]:   compute_region: None
[0m16:05:41.055522 [info ] [MainThread]:   dataproc_cluster_name: None
[0m16:05:41.057031 [info ] [MainThread]:   gcs_bucket: None
[0m16:05:41.057031 [info ] [MainThread]:   dataproc_batch: None
[0m16:05:41.058039 [info ] [MainThread]: Registered adapter: bigquery=1.10.1
[0m16:05:41.627923 [debug] [MainThread]: Acquiring new bigquery connection 'debug'
[0m16:05:41.628998 [debug] [MainThread]: On debug: select 1 as id
[0m16:05:41.628998 [debug] [MainThread]: Opening a new connection, currently in state init
[0m16:05:41.630012 [debug] [MainThread]: BigQuery adapter: Got an error when attempting to create a bigquery " "client: '[Errno 2] No such file or directory: 'C:\\Users\\jiawe\\OneDrive\\Desktop\\dbt-crash-course\\dbt-crash-course.json''
[0m16:05:41.630921 [debug] [MainThread]: BigQuery adapter: Unhandled error while running:
select 1 as id
[0m16:05:41.630921 [debug] [MainThread]: BigQuery adapter: Database Error
  [Errno 2] No such file or directory: 'C:\\Users\\jiawe\\OneDrive\\Desktop\\dbt-crash-course\\dbt-crash-course.json'
[0m16:05:41.631919 [info ] [MainThread]:   Connection test: [[31mERROR[0m]

[0m16:05:41.632552 [info ] [MainThread]: [31m2 checks failed:[0m
[0m16:05:41.633576 [info ] [MainThread]: Project loading failed for the following reason:
 project path <C:\Users\jiawe\OneDrive\Desktop\dbt-crash-course\dbt_project.yml> not found

[0m16:05:41.633576 [info ] [MainThread]: dbt was unable to connect to the specified database.
The database returned the following error:

  >'NoneType' object has no attribute 'close'

Check your database credentials and try again. For more information, visit:
https://docs.getdbt.com/docs/configure-your-profile


[0m16:05:41.635575 [debug] [MainThread]: Command `dbt debug` failed at 16:05:41.634605 after 4.26 seconds
[0m16:05:41.635575 [debug] [MainThread]: Sending event: {'category': 'dbt', 'action': 'invocation', 'label': 'end', 'context': [<snowplow_tracker.self_describing_json.SelfDescribingJson object at 0x000001BD5A071CD0>, <snowplow_tracker.self_describing_json.SelfDescribingJson object at 0x000001BD772CE3D0>, <snowplow_tracker.self_describing_json.SelfDescribingJson object at 0x000001BD772CEEE0>]}
[0m16:05:41.635575 [debug] [MainThread]: Flushing usage events
[0m16:05:42.089721 [debug] [MainThread]: An error was encountered while trying to flush usage events
[0m16:59:16.796088 [debug] [MainThread]: Sending event: {'category': 'dbt', 'action': 'invocation', 'label': 'start', 'context': [<snowplow_tracker.self_describing_json.SelfDescribingJson object at 0x0000021687231CA0>, <snowplow_tracker.self_describing_json.SelfDescribingJson object at 0x00000216884CA550>, <snowplow_tracker.self_describing_json.SelfDescribingJson object at 0x00000216884CA940>]}


============================== 16:59:16.801446 | 883822be-73c2-4553-8429-868a4205892e ==============================
[0m16:59:16.801446 [info ] [MainThread]: Running with dbt=1.10.6
[0m16:59:16.802452 [debug] [MainThread]: running dbt with arguments {'printer_width': '80', 'indirect_selection': 'eager', 'log_cache_events': 'False', 'write_json': 'True', 'partial_parse': 'True', 'cache_selected_only': 'False', 'warn_error': 'None', 'debug': 'False', 'profiles_dir': 'C:\\Users\\jiawe\\.dbt', 'log_path': 'logs', 'version_check': 'True', 'fail_fast': 'False', 'use_colors': 'True', 'use_experimental_parser': 'False', 'no_print': 'None', 'quiet': 'False', 'empty': 'None', 'log_format': 'default', 'invocation_command': 'dbt debug', 'static_parser': 'True', 'warn_error_options': 'WarnErrorOptionsV2(error=[], warn=[], silence=[])', 'target_path': 'None', 'introspect': 'True', 'send_anonymous_usage_stats': 'True'}
[0m16:59:16.850241 [info ] [MainThread]: dbt version: 1.10.6
[0m16:59:16.851758 [info ] [MainThread]: python version: 3.9.5
[0m16:59:16.851758 [info ] [MainThread]: python path: C:\Users\jiawe\OneDrive\Desktop\dbt-crash-course\.venv\Scripts\python.exe
[0m16:59:16.852762 [info ] [MainThread]: os info: Windows-10-10.0.26100-SP0
[0m16:59:24.086857 [info ] [MainThread]: Using profiles dir at C:\Users\jiawe\.dbt
[0m16:59:24.088336 [info ] [MainThread]: Using profiles.yml file at C:\Users\jiawe\.dbt\profiles.yml
[0m16:59:24.089343 [info ] [MainThread]: Using dbt_project.yml file at C:\Users\jiawe\OneDrive\Desktop\dbt-crash-course\dbt_project.yml
[0m16:59:24.090347 [info ] [MainThread]: adapter type: bigquery
[0m16:59:24.090347 [info ] [MainThread]: adapter version: 1.10.1
[0m16:59:24.091343 [info ] [MainThread]: Configuration:
[0m16:59:24.091343 [info ] [MainThread]:   profiles.yml file [[32mOK found and valid[0m]
[0m16:59:24.091343 [info ] [MainThread]:   dbt_project.yml file [[31mERROR not found[0m]
[0m16:59:24.092799 [info ] [MainThread]: Required dependencies:
[0m16:59:24.093418 [debug] [MainThread]: Executing "git --help"
[0m16:59:24.155797 [debug] [MainThread]: STDOUT: "b"usage: git [--version] [--help] [-C <path>] [-c <name>=<value>]\n           [--exec-path[=<path>]] [--html-path] [--man-path] [--info-path]\n           [-p | --paginate | -P | --no-pager] [--no-replace-objects] [--bare]\n           [--git-dir=<path>] [--work-tree=<path>] [--namespace=<name>]\n           [--super-prefix=<path>] [--config-env=<name>=<envvar>]\n           <command> [<args>]\n\nThese are common Git commands used in various situations:\n\nstart a working area (see also: git help tutorial)\n   clone             Clone a repository into a new directory\n   init              Create an empty Git repository or reinitialize an existing one\n\nwork on the current change (see also: git help everyday)\n   add               Add file contents to the index\n   mv                Move or rename a file, a directory, or a symlink\n   restore           Restore working tree files\n   rm                Remove files from the working tree and from the index\n   sparse-checkout   Initialize and modify the sparse-checkout\n\nexamine the history and state (see also: git help revisions)\n   bisect            Use binary search to find the commit that introduced a bug\n   diff              Show changes between commits, commit and working tree, etc\n   grep              Print lines matching a pattern\n   log               Show commit logs\n   show              Show various types of objects\n   status            Show the working tree status\n\ngrow, mark and tweak your common history\n   branch            List, create, or delete branches\n   commit            Record changes to the repository\n   merge             Join two or more development histories together\n   rebase            Reapply commits on top of another base tip\n   reset             Reset current HEAD to the specified state\n   switch            Switch branches\n   tag               Create, list, delete or verify a tag object signed with GPG\n\ncollaborate (see also: git help workflows)\n   fetch             Download objects and refs from another repository\n   pull              Fetch from and integrate with another repository or a local branch\n   push              Update remote refs along with associated objects\n\n'git help -a' and 'git help -g' list available subcommands and some\nconcept guides. See 'git help <command>' or 'git help <concept>'\nto read about a specific subcommand or concept.\nSee 'git help git' for an overview of the system.\n""
[0m16:59:24.156793 [debug] [MainThread]: STDERR: "b''"
[0m16:59:24.157793 [info ] [MainThread]:  - git [[32mOK found[0m]

[0m16:59:24.157793 [info ] [MainThread]: Connection:
[0m16:59:24.158794 [info ] [MainThread]:   method: service-account
[0m16:59:24.159793 [info ] [MainThread]:   database: dbt-crash-course-467515
[0m16:59:24.159793 [info ] [MainThread]:   execution_project: dbt-crash-course-467515
[0m16:59:24.159793 [info ] [MainThread]:   schema: dbt-crash-course
[0m16:59:24.161299 [info ] [MainThread]:   location: EU
[0m16:59:24.161299 [info ] [MainThread]:   priority: interactive
[0m16:59:24.162538 [info ] [MainThread]:   maximum_bytes_billed: None
[0m16:59:24.163536 [info ] [MainThread]:   impersonate_service_account: None
[0m16:59:24.163536 [info ] [MainThread]:   job_retry_deadline_seconds: None
[0m16:59:24.164536 [info ] [MainThread]:   job_retries: 1
[0m16:59:24.165536 [info ] [MainThread]:   job_creation_timeout_seconds: None
[0m16:59:24.165536 [info ] [MainThread]:   job_execution_timeout_seconds: 300
[0m16:59:24.166536 [info ] [MainThread]:   timeout_seconds: 300
[0m16:59:24.167534 [info ] [MainThread]:   client_id: None
[0m16:59:24.168747 [info ] [MainThread]:   token_uri: None
[0m16:59:24.169738 [info ] [MainThread]:   compute_region: None
[0m16:59:24.171245 [info ] [MainThread]:   dataproc_cluster_name: None
[0m16:59:24.172255 [info ] [MainThread]:   gcs_bucket: None
[0m16:59:24.173262 [info ] [MainThread]:   dataproc_batch: None
[0m16:59:24.175255 [info ] [MainThread]: Registered adapter: bigquery=1.10.1
[0m16:59:24.980724 [debug] [MainThread]: Acquiring new bigquery connection 'debug'
[0m16:59:24.981633 [debug] [MainThread]: On debug: select 1 as id
[0m16:59:24.982146 [debug] [MainThread]: Opening a new connection, currently in state init
[0m16:59:29.192834 [debug] [MainThread]: BigQuery adapter: https://console.cloud.google.com/bigquery?project=dbt-crash-course-467515&j=bq:EU:145d4655-4de5-4158-91bb-a1981a872e45&page=queryresults
[0m16:59:32.295125 [info ] [MainThread]:   Connection test: [[32mOK connection ok[0m]

[0m16:59:32.296135 [info ] [MainThread]: [31m1 check failed:[0m
[0m16:59:32.297133 [info ] [MainThread]: Project loading failed for the following reason:
 project path <C:\Users\jiawe\OneDrive\Desktop\dbt-crash-course\dbt_project.yml> not found

[0m16:59:32.298132 [debug] [MainThread]: Command `dbt debug` failed at 16:59:32.298132 after 15.62 seconds
[0m16:59:32.299135 [debug] [MainThread]: Connection 'debug' was properly closed.
[0m16:59:32.299135 [debug] [MainThread]: Sending event: {'category': 'dbt', 'action': 'invocation', 'label': 'end', 'context': [<snowplow_tracker.self_describing_json.SelfDescribingJson object at 0x0000021687231CA0>, <snowplow_tracker.self_describing_json.SelfDescribingJson object at 0x00000216A3516DF0>, <snowplow_tracker.self_describing_json.SelfDescribingJson object at 0x00000216A3516220>]}
[0m16:59:32.300136 [debug] [MainThread]: Flushing usage events
[0m16:59:32.765244 [debug] [MainThread]: An error was encountered while trying to flush usage events
